GET - /favicon.ico - Sun, 15 Oct 2023 05:24:01 GMT -6.417 ms
GET - /favicon.ico - Sun, 15 Oct 2023 05:24:02 GMT -4.666 ms
GET - /favicon.ico - Sun, 15 Oct 2023 05:24:02 GMT -1.796 ms
GET - /favicon.ico - Sun, 15 Oct 2023 05:24:02 GMT -0.649 ms
GET - / - Sun, 15 Oct 2023 05:24:03 GMT -9.094 ms
GET - /favicon.ico - Sun, 15 Oct 2023 05:24:04 GMT -1.436 ms
GET - /favicon.ico - Sun, 15 Oct 2023 05:24:10 GMT -1.562 ms
GET - /favicon.ico - Sun, 15 Oct 2023 05:24:23 GMT -0.446 ms
GET - /favicon.ico - Sun, 15 Oct 2023 05:24:26 GMT -1.240 ms
GET - /favicon.ico - Sun, 15 Oct 2023 05:24:26 GMT -0.851 ms
GET - /favicon.ico - Sun, 15 Oct 2023 05:24:27 GMT -0.489 ms
GET - /favicon.ico - Sun, 15 Oct 2023 05:24:27 GMT -0.468 ms
GET - /favicon.ico - Sun, 15 Oct 2023 05:24:27 GMT -0.424 ms
GET - /admin/ - Sun, 15 Oct 2023 05:24:27 GMT -13.602 ms
GET - /admin/login - Sun, 15 Oct 2023 05:24:29 GMT -2070.097 ms
GET - /assets/js/main.js - Sun, 15 Oct 2023 05:24:30 GMT -9.787 ms
GET - /assets/css/style.css - Sun, 15 Oct 2023 05:24:30 GMT -8.814 ms
GET - /favicon.ico - Sun, 15 Oct 2023 05:24:33 GMT -1.234 ms
GET - /favicon.ico - Sun, 15 Oct 2023 05:24:35 GMT -0.653 ms
GET - /favicon.ico - Sun, 15 Oct 2023 05:24:36 GMT -0.828 ms
GET - /favicon.ico - Sun, 15 Oct 2023 05:24:36 GMT -0.359 ms
GET - /favicon.ico - Sun, 15 Oct 2023 05:24:36 GMT -0.714 ms
GET - /favicon.ico - Sun, 15 Oct 2023 05:24:37 GMT -0.325 ms
GET - /admin/dashboard - Sun, 15 Oct 2023 05:24:37 GMT -88.815 ms
GET - /assets/css/style.css - Sun, 15 Oct 2023 05:24:37 GMT -0.956 ms
